Using pre-set license
Built from '2020.2/release' branch; Version is '2020.2.0f1 (3721df5a8b28) revision 3613151'; Using compiler version '192528614'; Build Type 'Release'
OS: 'Windows 10  (10.0.0) 64bit' Language: 'en' Physical Memory: 16296 MB
BatchMode: 1, IsHumanControllingUs: 0, StartBugReporterOnCrash: 0, Is64bit: 1, IsPro: 0

 COMMAND LINE ARGUMENTS:
C:\Program Files\Unity\Hub\Editor\Unity\Editor\Unity.exe
-adb2
-batchMode
-noUpm
-name
AssetImportWorker0
-projectPath
C:/Users/yaniv/Desktop/Physics4/A2/PhysicsA2Milman
-logFile
Logs/AssetImportWorker0.log
-srvPort
55269
Successfully changed project path to: C:/Users/yaniv/Desktop/Physics4/A2/PhysicsA2Milman
C:/Users/yaniv/Desktop/Physics4/A2/PhysicsA2Milman
Using Asset Import Pipeline V2.
Refreshing native plugins compatible for Editor in 36.05 ms, found 0 plugins.
Preloading 0 native plugins for Editor in 0.00 ms.
Initialize engine version: 2020.2.0f1 (3721df5a8b28)
[Subsystems] Discovering subsystems at path C:/Program Files/Unity/Hub/Editor/Unity/Editor/Data/Resources/UnitySubsystems
[Subsystems] Discovering subsystems at path C:/Users/yaniv/Desktop/Physics4/A2/PhysicsA2Milman/Assets
GfxDevice: creating device client; threaded=0
Direct3D:
    Version:  Direct3D 11.0 [level 11.1]
    Renderer: NVIDIA GeForce RTX 2060 SUPER (ID=0x1f06)
    Vendor:   
    VRAM:     8031 MB
    Driver:   27.21.14.6109
Initialize mono
Mono path[0] = 'C:/Program Files/Unity/Hub/Editor/Unity/Editor/Data/Managed'
Mono path[1] = 'C:/Program Files/Unity/Hub/Editor/Unity/Editor/Data/MonoBleedingEdge/lib/mono/unityjit'
Mono config path = 'C:/Program Files/Unity/Hub/Editor/Unity/Editor/Data/MonoBleedingEdge/etc'
Using monoOptions --debugger-agent=transport=dt_socket,embedding=1,server=y,suspend=n,address=127.0.0.1:56556
Begin MonoManager ReloadAssembly
Registering precompiled unity dll's ...
Register platform support module: C:/Program Files/Unity/Hub/Editor/Unity/Editor/Data/PlaybackEngines/WindowsStandaloneSupport/UnityEditor.WindowsStandalone.Extensions.dll
Registered in 0.001669 seconds.
Native extension for WindowsStandalone target not found
Refreshing native plugins compatible for Editor in 31.31 ms, found 0 plugins.
Preloading 0 native plugins for Editor in 0.00 ms.
Invoked RoslynAnalysisRunner static constructor.
RoslynAnalysisRunner will not be running.
RoslynAnalysisRunner has terminated.
Mono: successfully reloaded assembly
- Completed reload, in  0.853 seconds
Platform modules already initialized, skipping
Registering precompiled user dll's ...
Registered in 0.003359 seconds.
Begin MonoManager ReloadAssembly
Native extension for WindowsStandalone target not found
Refreshing native plugins compatible for Editor in 0.41 ms, found 0 plugins.
Preloading 0 native plugins for Editor in 0.00 ms.
Invoked RoslynAnalysisRunner static constructor.
RoslynAnalysisRunner will not be running.
RoslynAnalysisRunner has terminated.
Mono: successfully reloaded assembly
- Completed reload, in  0.660 seconds
Platform modules already initialized, skipping
========================================================================
Worker process is ready to serve import requests
Launched and connected shader compiler UnityShaderCompiler.exe after 0.04 seconds
Refreshing native plugins compatible for Editor in 0.35 ms, found 0 plugins.
Preloading 0 native plugins for Editor in 0.00 ms.
Unloading 1533 Unused Serialized files (Serialized files now loaded: 0)
System memory in use before: 71.0 MB.
System memory in use after: 71.0 MB.

Unloading 38 unused Assets to reduce memory usage. Loaded Objects now: 1958.
Total: 2.467300 ms (FindLiveObjects: 0.678500 ms CreateObjectMapping: 0.215400 ms MarkObjects: 1.509500 ms  DeleteObjects: 0.062500 ms)

========================================================================
Received Import Request.
  path: Assets/Scripts/CollisionManager.cs
  artifactKey: Guid(bdb24faa10a580a4fa3daf073bdf12f1) Importer(815301076,1909f56bfc062723c751e8b465ee728b)
Start importing Assets/Scripts/CollisionManager.cs using Guid(bdb24faa10a580a4fa3daf073bdf12f1) Importer(815301076,1909f56bfc062723c751e8b465ee728b)  -> (artifact id: '8f5767008473df7a2ee15a1650d449f0') in 0.022532 seconds
  Import took 0.025600 seconds .

========================================================================
Received Prepare
Registering precompiled user dll's ...
Registered in 0.003129 seconds.
Begin MonoManager ReloadAssembly
Native extension for WindowsStandalone target not found
Refreshing native plugins compatible for Editor in 0.35 ms, found 0 plugins.
Preloading 0 native plugins for Editor in 0.00 ms.
Invoked RoslynAnalysisRunner static constructor.
RoslynAnalysisRunner will not be running.
RoslynAnalysisRunner has terminated.
Mono: successfully reloaded assembly
- Completed reload, in  0.633 seconds
Platform modules already initialized, skipping
Refreshing native plugins compatible for Editor in 0.41 ms, found 0 plugins.
Preloading 0 native plugins for Editor in 0.00 ms.
Unloading 1516 Unused Serialized files (Serialized files now loaded: 0)
System memory in use before: 70.5 MB.
System memory in use after: 70.5 MB.

Unloading 29 unused Assets to reduce memory usage. Loaded Objects now: 1960.
Total: 1.735400 ms (FindLiveObjects: 0.187400 ms CreateObjectMapping: 0.056300 ms MarkObjects: 1.445700 ms  DeleteObjects: 0.045300 ms)

========================================================================
Received Prepare
Registering precompiled user dll's ...
Registered in 0.003753 seconds.
Begin MonoManager ReloadAssembly
Native extension for WindowsStandalone target not found
Refreshing native plugins compatible for Editor in 0.46 ms, found 0 plugins.
Preloading 0 native plugins for Editor in 0.00 ms.
Invoked RoslynAnalysisRunner static constructor.
RoslynAnalysisRunner will not be running.
RoslynAnalysisRunner has terminated.
Mono: successfully reloaded assembly
- Completed reload, in  0.660 seconds
Platform modules already initialized, skipping
Refreshing native plugins compatible for Editor in 0.64 ms, found 0 plugins.
Preloading 0 native plugins for Editor in 0.00 ms.
Unloading 1516 Unused Serialized files (Serialized files now loaded: 0)
System memory in use before: 70.6 MB.
System memory in use after: 70.7 MB.

Unloading 29 unused Assets to reduce memory usage. Loaded Objects now: 1962.
Total: 1.387500 ms (FindLiveObjects: 0.157400 ms CreateObjectMapping: 0.045500 ms MarkObjects: 1.144400 ms  DeleteObjects: 0.039300 ms)

========================================================================
Received Prepare
Registering precompiled user dll's ...
Registered in 0.003301 seconds.
Begin MonoManager ReloadAssembly
Native extension for WindowsStandalone target not found
Refreshing native plugins compatible for Editor in 0.36 ms, found 0 plugins.
Preloading 0 native plugins for Editor in 0.00 ms.
Invoked RoslynAnalysisRunner static constructor.
RoslynAnalysisRunner will not be running.
RoslynAnalysisRunner has terminated.
Mono: successfully reloaded assembly
- Completed reload, in  0.623 seconds
Platform modules already initialized, skipping
Refreshing native plugins compatible for Editor in 0.35 ms, found 0 plugins.
Preloading 0 native plugins for Editor in 0.00 ms.
Unloading 1516 Unused Serialized files (Serialized files now loaded: 0)
System memory in use before: 71.4 MB.
System memory in use after: 71.4 MB.

Unloading 29 unused Assets to reduce memory usage. Loaded Objects now: 1964.
Total: 1.855400 ms (FindLiveObjects: 0.334200 ms CreateObjectMapping: 0.060900 ms MarkObjects: 1.374400 ms  DeleteObjects: 0.083500 ms)

========================================================================
Received Prepare
Registering precompiled user dll's ...
Registered in 0.003296 seconds.
Begin MonoManager ReloadAssembly
Native extension for WindowsStandalone target not found
Refreshing native plugins compatible for Editor in 0.36 ms, found 0 plugins.
Preloading 0 native plugins for Editor in 0.00 ms.
Invoked RoslynAnalysisRunner static constructor.
RoslynAnalysisRunner will not be running.
RoslynAnalysisRunner has terminated.
Mono: successfully reloaded assembly
- Completed reload, in  0.644 seconds
Platform modules already initialized, skipping
Refreshing native plugins compatible for Editor in 0.39 ms, found 0 plugins.
Preloading 0 native plugins for Editor in 0.00 ms.
Unloading 1516 Unused Serialized files (Serialized files now loaded: 0)
System memory in use before: 71.7 MB.
System memory in use after: 71.7 MB.

Unloading 29 unused Assets to reduce memory usage. Loaded Objects now: 1966.
Total: 2.688000 ms (FindLiveObjects: 0.468100 ms CreateObjectMapping: 0.256100 ms MarkObjects: 1.897300 ms  DeleteObjects: 0.065200 ms)

========================================================================
Received Import Request.
  Time since last request: 411.076889 seconds.
  path: Assets/Scripts/CollisionManager.cs
  artifactKey: Guid(bdb24faa10a580a4fa3daf073bdf12f1) Importer(815301076,1909f56bfc062723c751e8b465ee728b)
Start importing Assets/Scripts/CollisionManager.cs using Guid(bdb24faa10a580a4fa3daf073bdf12f1) Importer(815301076,1909f56bfc062723c751e8b465ee728b)  -> (artifact id: '98fec1b2e38a28eae1b0d1200956fcf6') in 0.003697 seconds
  Import took 0.012579 seconds .

========================================================================
Received Prepare
Registering precompiled user dll's ...
Registered in 0.003370 seconds.
Begin MonoManager ReloadAssembly
Native extension for WindowsStandalone target not found
Refreshing native plugins compatible for Editor in 0.38 ms, found 0 plugins.
Preloading 0 native plugins for Editor in 0.00 ms.
Invoked RoslynAnalysisRunner static constructor.
RoslynAnalysisRunner will not be running.
RoslynAnalysisRunner has terminated.
Mono: successfully reloaded assembly
- Completed reload, in  0.639 seconds
Platform modules already initialized, skipping
Refreshing native plugins compatible for Editor in 0.37 ms, found 0 plugins.
Preloading 0 native plugins for Editor in 0.00 ms.
Unloading 1516 Unused Serialized files (Serialized files now loaded: 0)
System memory in use before: 71.2 MB.
System memory in use after: 71.3 MB.

Unloading 29 unused Assets to reduce memory usage. Loaded Objects now: 1968.
Total: 1.707300 ms (FindLiveObjects: 0.186300 ms CreateObjectMapping: 0.048700 ms MarkObjects: 1.413700 ms  DeleteObjects: 0.057800 ms)

========================================================================
Received Prepare
Registering precompiled user dll's ...
Registered in 0.003204 seconds.
Begin MonoManager ReloadAssembly
Native extension for WindowsStandalone target not found
Refreshing native plugins compatible for Editor in 0.38 ms, found 0 plugins.
Preloading 0 native plugins for Editor in 0.00 ms.
Invoked RoslynAnalysisRunner static constructor.
RoslynAnalysisRunner will not be running.
RoslynAnalysisRunner has terminated.
Mono: successfully reloaded assembly
- Completed reload, in  0.616 seconds
Platform modules already initialized, skipping
Refreshing native plugins compatible for Editor in 0.44 ms, found 0 plugins.
Preloading 0 native plugins for Editor in 0.00 ms.
Unloading 1516 Unused Serialized files (Serialized files now loaded: 0)
System memory in use before: 71.6 MB.
System memory in use after: 71.7 MB.

Unloading 29 unused Assets to reduce memory usage. Loaded Objects now: 1970.
Total: 1.471600 ms (FindLiveObjects: 0.167400 ms CreateObjectMapping: 0.044700 ms MarkObjects: 1.212700 ms  DeleteObjects: 0.045900 ms)

========================================================================
Received Prepare
Registering precompiled user dll's ...
Registered in 0.003122 seconds.
Begin MonoManager ReloadAssembly
Native extension for WindowsStandalone target not found
Refreshing native plugins compatible for Editor in 0.35 ms, found 0 plugins.
Preloading 0 native plugins for Editor in 0.00 ms.
Invoked RoslynAnalysisRunner static constructor.
RoslynAnalysisRunner will not be running.
RoslynAnalysisRunner has terminated.
Mono: successfully reloaded assembly
- Completed reload, in  0.616 seconds
Platform modules already initialized, skipping
Refreshing native plugins compatible for Editor in 0.37 ms, found 0 plugins.
Preloading 0 native plugins for Editor in 0.00 ms.
Unloading 1516 Unused Serialized files (Serialized files now loaded: 0)
System memory in use before: 71.7 MB.
System memory in use after: 71.8 MB.

Unloading 29 unused Assets to reduce memory usage. Loaded Objects now: 1972.
Total: 1.628600 ms (FindLiveObjects: 0.169200 ms CreateObjectMapping: 0.055000 ms MarkObjects: 1.356300 ms  DeleteObjects: 0.047300 ms)

========================================================================
Received Import Request.
  Time since last request: 114.072376 seconds.
  path: Assets/Scripts/CollisionManager.cs
  artifactKey: Guid(bdb24faa10a580a4fa3daf073bdf12f1) Importer(815301076,1909f56bfc062723c751e8b465ee728b)
Start importing Assets/Scripts/CollisionManager.cs using Guid(bdb24faa10a580a4fa3daf073bdf12f1) Importer(815301076,1909f56bfc062723c751e8b465ee728b)  -> (artifact id: '28aaf13264ec37d0f844ae4142c39044') in 0.003770 seconds
  Import took 0.005793 seconds .

========================================================================
Received Import Request.
  Time since last request: 1.397934 seconds.
  path: Assets/Scripts/CollisionManager.cs
  artifactKey: Guid(bdb24faa10a580a4fa3daf073bdf12f1) Importer(815301076,1909f56bfc062723c751e8b465ee728b)
Start importing Assets/Scripts/CollisionManager.cs using Guid(bdb24faa10a580a4fa3daf073bdf12f1) Importer(815301076,1909f56bfc062723c751e8b465ee728b)  -> (artifact id: '28aaf13264ec37d0f844ae4142c39044') in 0.001579 seconds
  Import took 0.003496 seconds .

========================================================================
Received Import Request.
  Time since last request: 9.304992 seconds.
  path: Assets/Scripts/Collisions.cs
  artifactKey: Guid(46e2141fbcbd96f4fb4bafab7b6f1dc9) Importer(815301076,1909f56bfc062723c751e8b465ee728b)
Start importing Assets/Scripts/Collisions.cs using Guid(46e2141fbcbd96f4fb4bafab7b6f1dc9) Importer(815301076,1909f56bfc062723c751e8b465ee728b)  -> (artifact id: '020f2e0ba2b8251b268dd77180c6f5f2') in 0.001636 seconds
  Import took 0.009933 seconds .

========================================================================
Received Prepare
Registering precompiled user dll's ...
Registered in 0.004644 seconds.
Begin MonoManager ReloadAssembly
Native extension for WindowsStandalone target not found
Refreshing native plugins compatible for Editor in 0.35 ms, found 0 plugins.
Preloading 0 native plugins for Editor in 0.00 ms.
Invoked RoslynAnalysisRunner static constructor.
RoslynAnalysisRunner will not be running.
RoslynAnalysisRunner has terminated.
Mono: successfully reloaded assembly
- Completed reload, in  0.634 seconds
Platform modules already initialized, skipping
Refreshing native plugins compatible for Editor in 0.36 ms, found 0 plugins.
Preloading 0 native plugins for Editor in 0.00 ms.
Unloading 1516 Unused Serialized files (Serialized files now loaded: 0)
System memory in use before: 71.5 MB.
System memory in use after: 71.6 MB.

Unloading 29 unused Assets to reduce memory usage. Loaded Objects now: 1974.
Total: 1.363000 ms (FindLiveObjects: 0.165000 ms CreateObjectMapping: 0.043000 ms MarkObjects: 1.115500 ms  DeleteObjects: 0.038900 ms)

========================================================================
Received Prepare
Registering precompiled user dll's ...
Registered in 0.003331 seconds.
Begin MonoManager ReloadAssembly
Native extension for WindowsStandalone target not found
Refreshing native plugins compatible for Editor in 0.36 ms, found 0 plugins.
Preloading 0 native plugins for Editor in 0.00 ms.
Invoked RoslynAnalysisRunner static constructor.
RoslynAnalysisRunner will not be running.
RoslynAnalysisRunner has terminated.
Mono: successfully reloaded assembly
- Completed reload, in  0.614 seconds
Platform modules already initialized, skipping
Refreshing native plugins compatible for Editor in 0.73 ms, found 0 plugins.
Preloading 0 native plugins for Editor in 0.00 ms.
Unloading 1515 Unused Serialized files (Serialized files now loaded: 0)
System memory in use before: 71.7 MB.
System memory in use after: 71.8 MB.

Unloading 29 unused Assets to reduce memory usage. Loaded Objects now: 1976.
Total: 1.509700 ms (FindLiveObjects: 0.168300 ms CreateObjectMapping: 0.058800 ms MarkObjects: 1.230400 ms  DeleteObjects: 0.051200 ms)

========================================================================
Received Prepare
Registering precompiled user dll's ...
Registered in 0.003218 seconds.
Begin MonoManager ReloadAssembly
Native extension for WindowsStandalone target not found
Refreshing native plugins compatible for Editor in 0.37 ms, found 0 plugins.
Preloading 0 native plugins for Editor in 0.00 ms.
Invoked RoslynAnalysisRunner static constructor.
RoslynAnalysisRunner will not be running.
RoslynAnalysisRunner has terminated.
Mono: successfully reloaded assembly
- Completed reload, in  0.629 seconds
Platform modules already initialized, skipping
Refreshing native plugins compatible for Editor in 0.38 ms, found 0 plugins.
Preloading 0 native plugins for Editor in 0.00 ms.
Unloading 1515 Unused Serialized files (Serialized files now loaded: 0)
System memory in use before: 71.3 MB.
System memory in use after: 71.4 MB.

Unloading 29 unused Assets to reduce memory usage. Loaded Objects now: 1978.
Total: 1.986400 ms (FindLiveObjects: 0.194000 ms CreateObjectMapping: 0.048200 ms MarkObjects: 1.679100 ms  DeleteObjects: 0.064300 ms)

========================================================================
Received Import Request.
  Time since last request: 35.975095 seconds.
  path: Assets/Scripts/CollisionManager.cs
  artifactKey: Guid(bdb24faa10a580a4fa3daf073bdf12f1) Importer(815301076,1909f56bfc062723c751e8b465ee728b)
Start importing Assets/Scripts/CollisionManager.cs using Guid(bdb24faa10a580a4fa3daf073bdf12f1) Importer(815301076,1909f56bfc062723c751e8b465ee728b)  -> (artifact id: '8fe7d92c14fdbee0280fe349783328fc') in 0.004051 seconds
  Import took 0.006140 seconds .

========================================================================
Received Prepare
Registering precompiled user dll's ...
Registered in 0.004574 seconds.
Begin MonoManager ReloadAssembly
Native extension for WindowsStandalone target not found
Refreshing native plugins compatible for Editor in 0.38 ms, found 0 plugins.
Preloading 0 native plugins for Editor in 0.00 ms.
Invoked RoslynAnalysisRunner static constructor.
RoslynAnalysisRunner will not be running.
RoslynAnalysisRunner has terminated.
Mono: successfully reloaded assembly
- Completed reload, in  0.664 seconds
Platform modules already initialized, skipping
Refreshing native plugins compatible for Editor in 0.41 ms, found 0 plugins.
Preloading 0 native plugins for Editor in 0.00 ms.
Unloading 1515 Unused Serialized files (Serialized files now loaded: 0)
System memory in use before: 71.7 MB.
System memory in use after: 71.8 MB.

Unloading 29 unused Assets to reduce memory usage. Loaded Objects now: 1980.
Total: 1.510600 ms (FindLiveObjects: 0.157800 ms CreateObjectMapping: 0.040900 ms MarkObjects: 1.269900 ms  DeleteObjects: 0.041300 ms)

========================================================================
Received Prepare
Registering precompiled user dll's ...
Registered in 0.004339 seconds.
Begin MonoManager ReloadAssembly
Native extension for WindowsStandalone target not found
Refreshing native plugins compatible for Editor in 0.42 ms, found 0 plugins.
Preloading 0 native plugins for Editor in 0.00 ms.
Invoked RoslynAnalysisRunner static constructor.
RoslynAnalysisRunner will not be running.
RoslynAnalysisRunner has terminated.
Mono: successfully reloaded assembly
- Completed reload, in  0.639 seconds
Platform modules already initialized, skipping
Refreshing native plugins compatible for Editor in 0.39 ms, found 0 plugins.
Preloading 0 native plugins for Editor in 0.00 ms.
Unloading 1515 Unused Serialized files (Serialized files now loaded: 0)
System memory in use before: 71.2 MB.
System memory in use after: 71.3 MB.

Unloading 29 unused Assets to reduce memory usage. Loaded Objects now: 1982.
Total: 1.976400 ms (FindLiveObjects: 0.255500 ms CreateObjectMapping: 0.078600 ms MarkObjects: 1.544400 ms  DeleteObjects: 0.096100 ms)

========================================================================
Received Import Request.
  Time since last request: 53.006289 seconds.
  path: Assets/Scripts/CollisionManager.cs
  artifactKey: Guid(bdb24faa10a580a4fa3daf073bdf12f1) Importer(815301076,1909f56bfc062723c751e8b465ee728b)
Start importing Assets/Scripts/CollisionManager.cs using Guid(bdb24faa10a580a4fa3daf073bdf12f1) Importer(815301076,1909f56bfc062723c751e8b465ee728b)  -> (artifact id: '10e19c662d0fedf85028125f97fa3589') in 0.004394 seconds
  Import took 0.007005 seconds .

========================================================================
Received Prepare
Registering precompiled user dll's ...
Registered in 0.003232 seconds.
Begin MonoManager ReloadAssembly
Native extension for WindowsStandalone target not found
Refreshing native plugins compatible for Editor in 0.37 ms, found 0 plugins.
Preloading 0 native plugins for Editor in 0.00 ms.
Invoked RoslynAnalysisRunner static constructor.
RoslynAnalysisRunner will not be running.
RoslynAnalysisRunner has terminated.
Mono: successfully reloaded assembly
- Completed reload, in  0.732 seconds
Platform modules already initialized, skipping
Refreshing native plugins compatible for Editor in 0.46 ms, found 0 plugins.
Preloading 0 native plugins for Editor in 0.00 ms.
Unloading 1515 Unused Serialized files (Serialized files now loaded: 0)
System memory in use before: 71.6 MB.
System memory in use after: 71.7 MB.

Unloading 29 unused Assets to reduce memory usage. Loaded Objects now: 1984.
Total: 1.821100 ms (FindLiveObjects: 0.245300 ms CreateObjectMapping: 0.049400 ms MarkObjects: 1.457700 ms  DeleteObjects: 0.067400 ms)

========================================================================
Received Import Request.
  Time since last request: 51.794436 seconds.
  path: Assets/Scripts/CollisionManager.cs
  artifactKey: Guid(bdb24faa10a580a4fa3daf073bdf12f1) Importer(815301076,1909f56bfc062723c751e8b465ee728b)
Start importing Assets/Scripts/CollisionManager.cs using Guid(bdb24faa10a580a4fa3daf073bdf12f1) Importer(815301076,1909f56bfc062723c751e8b465ee728b)  -> (artifact id: 'db2c47f221a3dda8915b8438061fb628') in 0.003897 seconds
  Import took 0.005974 seconds .

========================================================================
Received Import Request.
  Time since last request: 1.142989 seconds.
  path: Assets/Scripts/CollisionManager.cs
  artifactKey: Guid(bdb24faa10a580a4fa3daf073bdf12f1) Importer(815301076,1909f56bfc062723c751e8b465ee728b)
Start importing Assets/Scripts/CollisionManager.cs using Guid(bdb24faa10a580a4fa3daf073bdf12f1) Importer(815301076,1909f56bfc062723c751e8b465ee728b)  -> (artifact id: 'db2c47f221a3dda8915b8438061fb628') in 0.001659 seconds
  Import took 0.003713 seconds .

========================================================================
Received Prepare
Registering precompiled user dll's ...
Registered in 0.003236 seconds.
Begin MonoManager ReloadAssembly
Native extension for WindowsStandalone target not found
Refreshing native plugins compatible for Editor in 0.36 ms, found 0 plugins.
Preloading 0 native plugins for Editor in 0.00 ms.
Invoked RoslynAnalysisRunner static constructor.
RoslynAnalysisRunner will not be running.
RoslynAnalysisRunner has terminated.
Mono: successfully reloaded assembly
- Completed reload, in  0.610 seconds
Platform modules already initialized, skipping
Refreshing native plugins compatible for Editor in 0.60 ms, found 0 plugins.
Preloading 0 native plugins for Editor in 0.00 ms.
Unloading 1515 Unused Serialized files (Serialized files now loaded: 0)
System memory in use before: 71.7 MB.
System memory in use after: 71.8 MB.

Unloading 29 unused Assets to reduce memory usage. Loaded Objects now: 1986.
Total: 1.782100 ms (FindLiveObjects: 0.305800 ms CreateObjectMapping: 0.078800 ms MarkObjects: 1.344700 ms  DeleteObjects: 0.051700 ms)

========================================================================
Received Prepare
Registering precompiled user dll's ...
Registered in 0.003212 seconds.
Begin MonoManager ReloadAssembly
Native extension for WindowsStandalone target not found
Refreshing native plugins compatible for Editor in 0.36 ms, found 0 plugins.
Preloading 0 native plugins for Editor in 0.00 ms.
Invoked RoslynAnalysisRunner static constructor.
RoslynAnalysisRunner will not be running.
RoslynAnalysisRunner has terminated.
Mono: successfully reloaded assembly
- Completed reload, in  0.624 seconds
Platform modules already initialized, skipping
Refreshing native plugins compatible for Editor in 0.55 ms, found 0 plugins.
Preloading 0 native plugins for Editor in 0.00 ms.
Unloading 1515 Unused Serialized files (Serialized files now loaded: 0)
System memory in use before: 71.5 MB.
System memory in use after: 71.6 MB.

Unloading 29 unused Assets to reduce memory usage. Loaded Objects now: 1988.
Total: 1.812200 ms (FindLiveObjects: 0.230400 ms CreateObjectMapping: 0.100900 ms MarkObjects: 1.431900 ms  DeleteObjects: 0.048000 ms)

========================================================================
Received Prepare
Registering precompiled user dll's ...
Registered in 0.003220 seconds.
Begin MonoManager ReloadAssembly
Native extension for WindowsStandalone target not found
Refreshing native plugins compatible for Editor in 0.38 ms, found 0 plugins.
Preloading 0 native plugins for Editor in 0.00 ms.
Invoked RoslynAnalysisRunner static constructor.
RoslynAnalysisRunner will not be running.
RoslynAnalysisRunner has terminated.
Mono: successfully reloaded assembly
- Completed reload, in  0.617 seconds
Platform modules already initialized, skipping
Refreshing native plugins compatible for Editor in 0.48 ms, found 0 plugins.
Preloading 0 native plugins for Editor in 0.00 ms.
Unloading 1515 Unused Serialized files (Serialized files now loaded: 0)
System memory in use before: 71.7 MB.
System memory in use after: 71.8 MB.

Unloading 29 unused Assets to reduce memory usage. Loaded Objects now: 1990.
Total: 2.968100 ms (FindLiveObjects: 0.201400 ms CreateObjectMapping: 0.059300 ms MarkObjects: 2.654100 ms  DeleteObjects: 0.052500 ms)

AssetImportWorkerClient::OnTransportError - code=2 error=End of file
